{"/Users/parthtank/Downloads/express-typescript-main/src/index.ts": {"path":"/Users/parthtank/Downloads/express-typescript-main/src/index.ts","statementMap":{"0":{"start":{"line":1,"column":0},"end":{"line":1,"column":26}},"1":{"start":{"line":2,"column":0},"end":{"line":2,"column":43}},"2":{"start":{"line":3,"column":0},"end":{"line":3,"column":47}},"3":{"start":{"line":4,"column":0},"end":{"line":4,"column":28}},"4":{"start":{"line":5,"column":0},"end":{"line":5,"column":43}},"5":{"start":{"line":7,"column":0},"end":{"line":7,"column":30}},"6":{"start":{"line":8,"column":0},"end":{"line":8,"column":41}},"7":{"start":{"line":10,"column":13},"end":{"line":10,"column":37}},"8":{"start":{"line":12,"column":25},"end":{"line":12,"column":34}},"9":{"start":{"line":14,"column":0},"end":{"line":14,"column":24}},"10":{"start":{"line":15,"column":0},"end":{"line":15,"column":24}},"11":{"start":{"line":16,"column":0},"end":{"line":16,"column":34}},"12":{"start":{"line":18,"column":0},"end":{"line":26,"column":2}},"13":{"start":{"line":28,"column":0},"end":{"line":28,"column":16}},"14":{"start":{"line":30,"column":0},"end":{"line":39,"column":5}},"15":{"start":{"line":32,"column":4},"end":{"line":34,"column":7}},"16":{"start":{"line":33,"column":6},"end":{"line":33,"column":53}},"17":{"start":{"line":37,"column":4},"end":{"line":37,"column":48}},"18":{"start":{"line":38,"column":4},"end":{"line":38,"column":20}}},"fnMap":{"0":{"name":"(anonymous_1)","decl":{"start":{"line":31,"column":8},"end":{"line":31,"column":11}},"loc":{"start":{"line":31,"column":13},"end":{"line":35,"column":3}}},"1":{"name":"(anonymous_2)","decl":{"start":{"line":32,"column":21},"end":{"line":32,"column":24}},"loc":{"start":{"line":32,"column":26},"end":{"line":34,"column":5}}},"2":{"name":"(anonymous_3)","decl":{"start":{"line":36,"column":9},"end":{"line":36,"column":10}},"loc":{"start":{"line":36,"column":17},"end":{"line":39,"column":3}}}},"branchMap":{"0":{"loc":{"start":{"line":10,"column":13},"end":{"line":10,"column":37}},"type":"binary-expr","locations":[{"start":{"line":10,"column":13},"end":{"line":10,"column":29}},{"start":{"line":10,"column":33},"end":{"line":10,"column":37}}]}},"s":{"0":0,"1":0,"2":0,"3":0,"4":0,"5":0,"6":0,"7":0,"8":0,"9":0,"10":0,"11":0,"12":0,"13":0,"14":0,"15":0,"16":0,"17":0,"18":0},"f":{"0":0,"1":0,"2":0},"b":{"0":[0,0]}}
,"/Users/parthtank/Downloads/express-typescript-main/src/config/database.ts": {"path":"/Users/parthtank/Downloads/express-typescript-main/src/config/database.ts","statementMap":{"0":{"start":{"line":2,"column":0},"end":{"line":2,"column":55}},"1":{"start":{"line":4,"column":35},"end":{"line":13,"column":null}},"2":{"start":{"line":15,"column":0},"end":{"line":15,"column":null}}},"fnMap":{},"branchMap":{"0":{"loc":{"start":{"line":6,"column":8},"end":{"line":6,"column":48}},"type":"binary-expr","locations":[{"start":{"line":6,"column":8},"end":{"line":6,"column":33}},{"start":{"line":6,"column":37},"end":{"line":6,"column":48}}]},"1":{"loc":{"start":{"line":7,"column":8},"end":{"line":7,"column":49}},"type":"binary-expr","locations":[{"start":{"line":7,"column":8},"end":{"line":7,"column":41}},{"start":{"line":7,"column":45},"end":{"line":7,"column":49}}]},"2":{"loc":{"start":{"line":8,"column":12},"end":{"line":8,"column":51}},"type":"binary-expr","locations":[{"start":{"line":8,"column":12},"end":{"line":8,"column":37}},{"start":{"line":8,"column":41},"end":{"line":8,"column":51}}]},"3":{"loc":{"start":{"line":9,"column":12},"end":{"line":9,"column":58}},"type":"binary-expr","locations":[{"start":{"line":9,"column":12},"end":{"line":9,"column":41}},{"start":{"line":9,"column":45},"end":{"line":9,"column":58}}]},"4":{"loc":{"start":{"line":10,"column":12},"end":{"line":10,"column":49}},"type":"binary-expr","locations":[{"start":{"line":10,"column":12},"end":{"line":10,"column":35}},{"start":{"line":10,"column":39},"end":{"line":10,"column":49}}]}},"s":{"0":0,"1":0,"2":0},"f":{},"b":{"0":[0,0],"1":[0,0],"2":[0,0],"3":[0,0],"4":[0,0]}}
,"/Users/parthtank/Downloads/express-typescript-main/src/controllers/comment.controller.ts": {"path":"/Users/parthtank/Downloads/express-typescript-main/src/controllers/comment.controller.ts","statementMap":{"0":{"start":{"line":1,"column":0},"end":{"line":1,"column":59}},"1":{"start":{"line":3,"column":0},"end":{"line":3,"column":109}},"2":{"start":{"line":7,"column":0},"end":{"line":22,"column":null}},"3":{"start":{"line":10,"column":4},"end":{"line":10,"column":null}},"4":{"start":{"line":15,"column":4},"end":{"line":15,"column":null}},"5":{"start":{"line":20,"column":4},"end":{"line":20,"column":null}},"6":{"start":{"line":9,"column":2},"end":{"line":11,"column":null}},"7":{"start":{"line":14,"column":2},"end":{"line":16,"column":null}},"8":{"start":{"line":19,"column":2},"end":{"line":21,"column":null}},"9":{"start":{"line":7,"column":21},"end":{"line":22,"column":null}},"10":{"start":{"line":7,"column":21},"end":{"line":7,"column":null}}},"fnMap":{"0":{"name":"(anonymous_11)","decl":{"start":{"line":9,"column":15},"end":{"line":9,"column":26}},"loc":{"start":{"line":9,"column":26},"end":{"line":11,"column":null}}},"1":{"name":"(anonymous_13)","decl":{"start":{"line":14,"column":15},"end":{"line":14,"column":28}},"loc":{"start":{"line":14,"column":58},"end":{"line":16,"column":null}}},"2":{"name":"(anonymous_15)","decl":{"start":{"line":19,"column":15},"end":{"line":19,"column":25}},"loc":{"start":{"line":19,"column":44},"end":{"line":21,"column":null}}}},"branchMap":{},"s":{"0":2,"1":2,"2":2,"3":4,"4":2,"5":4,"6":2,"7":2,"8":2,"9":2,"10":2},"f":{"0":4,"1":2,"2":4},"b":{}}
,"/Users/parthtank/Downloads/express-typescript-main/src/controllers/ping.controller.ts": {"path":"/Users/parthtank/Downloads/express-typescript-main/src/controllers/ping.controller.ts","statementMap":{"0":{"start":{"line":1,"column":0},"end":{"line":1,"column":34}},"1":{"start":{"line":8,"column":0},"end":{"line":15,"column":null}},"2":{"start":{"line":11,"column":4},"end":{"line":13,"column":6}},"3":{"start":{"line":10,"column":2},"end":{"line":14,"column":null}},"4":{"start":{"line":8,"column":21},"end":{"line":15,"column":null}},"5":{"start":{"line":8,"column":21},"end":{"line":8,"column":null}}},"fnMap":{"0":{"name":"(anonymous_9)","decl":{"start":{"line":10,"column":15},"end":{"line":10,"column":25}},"loc":{"start":{"line":10,"column":25},"end":{"line":14,"column":null}}}},"branchMap":{},"s":{"0":1,"1":1,"2":1,"3":1,"4":1,"5":1},"f":{"0":1},"b":{}}
,"/Users/parthtank/Downloads/express-typescript-main/src/controllers/post.controller.ts": {"path":"/Users/parthtank/Downloads/express-typescript-main/src/controllers/post.controller.ts","statementMap":{"0":{"start":{"line":1,"column":0},"end":{"line":1,"column":72}},"1":{"start":{"line":3,"column":0},"end":{"line":3,"column":94}},"2":{"start":{"line":7,"column":0},"end":{"line":22,"column":null}},"3":{"start":{"line":10,"column":4},"end":{"line":10,"column":null}},"4":{"start":{"line":15,"column":4},"end":{"line":15,"column":null}},"5":{"start":{"line":20,"column":4},"end":{"line":20,"column":null}},"6":{"start":{"line":9,"column":2},"end":{"line":11,"column":null}},"7":{"start":{"line":14,"column":2},"end":{"line":16,"column":null}},"8":{"start":{"line":19,"column":2},"end":{"line":21,"column":null}},"9":{"start":{"line":7,"column":21},"end":{"line":22,"column":null}},"10":{"start":{"line":7,"column":21},"end":{"line":7,"column":null}}},"fnMap":{"0":{"name":"(anonymous_11)","decl":{"start":{"line":9,"column":15},"end":{"line":9,"column":23}},"loc":{"start":{"line":9,"column":23},"end":{"line":11,"column":null}}},"1":{"name":"(anonymous_13)","decl":{"start":{"line":14,"column":15},"end":{"line":14,"column":25}},"loc":{"start":{"line":14,"column":52},"end":{"line":16,"column":null}}},"2":{"name":"(anonymous_15)","decl":{"start":{"line":19,"column":15},"end":{"line":19,"column":22}},"loc":{"start":{"line":19,"column":41},"end":{"line":21,"column":null}}}},"branchMap":{},"s":{"0":1,"1":1,"2":1,"3":2,"4":1,"5":2,"6":1,"7":1,"8":1,"9":1,"10":1},"f":{"0":2,"1":1,"2":2},"b":{}}
,"/Users/parthtank/Downloads/express-typescript-main/src/controllers/product.controller.ts": {"path":"/Users/parthtank/Downloads/express-typescript-main/src/controllers/product.controller.ts","statementMap":{"0":{"start":{"line":1,"column":0},"end":{"line":1,"column":59}},"1":{"start":{"line":3,"column":0},"end":{"line":3,"column":109}},"2":{"start":{"line":7,"column":0},"end":{"line":22,"column":null}},"3":{"start":{"line":10,"column":4},"end":{"line":10,"column":null}},"4":{"start":{"line":15,"column":4},"end":{"line":15,"column":null}},"5":{"start":{"line":20,"column":4},"end":{"line":20,"column":null}},"6":{"start":{"line":9,"column":2},"end":{"line":11,"column":null}},"7":{"start":{"line":14,"column":2},"end":{"line":16,"column":null}},"8":{"start":{"line":19,"column":2},"end":{"line":21,"column":null}},"9":{"start":{"line":7,"column":21},"end":{"line":22,"column":null}},"10":{"start":{"line":7,"column":21},"end":{"line":7,"column":null}}},"fnMap":{"0":{"name":"(anonymous_11)","decl":{"start":{"line":9,"column":15},"end":{"line":9,"column":26}},"loc":{"start":{"line":9,"column":26},"end":{"line":11,"column":null}}},"1":{"name":"(anonymous_13)","decl":{"start":{"line":14,"column":15},"end":{"line":14,"column":28}},"loc":{"start":{"line":14,"column":58},"end":{"line":16,"column":null}}},"2":{"name":"(anonymous_15)","decl":{"start":{"line":19,"column":15},"end":{"line":19,"column":25}},"loc":{"start":{"line":19,"column":44},"end":{"line":21,"column":null}}}},"branchMap":{},"s":{"0":0,"1":0,"2":0,"3":0,"4":0,"5":0,"6":0,"7":0,"8":0,"9":0,"10":0},"f":{"0":0,"1":0,"2":0},"b":{}}
,"/Users/parthtank/Downloads/express-typescript-main/src/controllers/user.controller.ts": {"path":"/Users/parthtank/Downloads/express-typescript-main/src/controllers/user.controller.ts","statementMap":{"0":{"start":{"line":1,"column":0},"end":{"line":1,"column":59}},"1":{"start":{"line":3,"column":0},"end":{"line":3,"column":91}},"2":{"start":{"line":7,"column":0},"end":{"line":22,"column":null}},"3":{"start":{"line":10,"column":4},"end":{"line":10,"column":null}},"4":{"start":{"line":15,"column":4},"end":{"line":15,"column":null}},"5":{"start":{"line":20,"column":4},"end":{"line":20,"column":null}},"6":{"start":{"line":9,"column":2},"end":{"line":11,"column":null}},"7":{"start":{"line":14,"column":2},"end":{"line":16,"column":null}},"8":{"start":{"line":19,"column":2},"end":{"line":21,"column":null}},"9":{"start":{"line":7,"column":21},"end":{"line":22,"column":null}},"10":{"start":{"line":7,"column":21},"end":{"line":7,"column":null}}},"fnMap":{"0":{"name":"(anonymous_11)","decl":{"start":{"line":9,"column":15},"end":{"line":9,"column":23}},"loc":{"start":{"line":9,"column":23},"end":{"line":11,"column":null}}},"1":{"name":"(anonymous_13)","decl":{"start":{"line":14,"column":15},"end":{"line":14,"column":25}},"loc":{"start":{"line":14,"column":52},"end":{"line":16,"column":null}}},"2":{"name":"(anonymous_15)","decl":{"start":{"line":19,"column":15},"end":{"line":19,"column":22}},"loc":{"start":{"line":19,"column":41},"end":{"line":21,"column":null}}}},"branchMap":{},"s":{"0":1,"1":1,"2":1,"3":2,"4":1,"5":2,"6":1,"7":1,"8":1,"9":1,"10":1},"f":{"0":2,"1":1,"2":2},"b":{}}
,"/Users/parthtank/Downloads/express-typescript-main/src/models/comment.ts": {"path":"/Users/parthtank/Downloads/express-typescript-main/src/models/comment.ts","statementMap":{"0":{"start":{"line":1,"column":0},"end":{"line":1,"column":122}},"1":{"start":{"line":2,"column":0},"end":{"line":2,"column":30}},"2":{"start":{"line":3,"column":0},"end":{"line":3,"column":30}},"3":{"start":{"line":6,"column":0},"end":{"line":33,"column":null}},"4":{"start":{"line":9,"column":4},"end":{"line":9,"column":null}},"5":{"start":{"line":14,"column":4},"end":{"line":14,"column":null}},"6":{"start":{"line":17,"column":4},"end":{"line":17,"column":null}},"7":{"start":{"line":20,"column":4},"end":{"line":20,"column":null}},"8":{"start":{"line":18,"column":24},"end":{"line":18,"column":28}},"9":{"start":{"line":18,"column":46},"end":{"line":18,"column":59}},"10":{"start":{"line":23,"column":4},"end":{"line":23,"column":null}},"11":{"start":{"line":26,"column":4},"end":{"line":26,"column":null}},"12":{"start":{"line":24,"column":24},"end":{"line":24,"column":28}},"13":{"start":{"line":24,"column":46},"end":{"line":24,"column":59}},"14":{"start":{"line":29,"column":4},"end":{"line":29,"column":null}},"15":{"start":{"line":32,"column":4},"end":{"line":32,"column":null}},"16":{"start":{"line":6,"column":13},"end":{"line":33,"column":null}},"17":{"start":{"line":6,"column":13},"end":{"line":6,"column":20}}},"fnMap":{"0":{"name":"(anonymous_2)","decl":{"start":{"line":18,"column":15},"end":{"line":18,"column":20}},"loc":{"start":{"line":18,"column":24},"end":{"line":18,"column":28}}},"1":{"name":"(anonymous_3)","decl":{"start":{"line":18,"column":30},"end":{"line":18,"column":31}},"loc":{"start":{"line":18,"column":46},"end":{"line":18,"column":59}}},"2":{"name":"(anonymous_4)","decl":{"start":{"line":24,"column":15},"end":{"line":24,"column":20}},"loc":{"start":{"line":24,"column":24},"end":{"line":24,"column":28}}},"3":{"name":"(anonymous_5)","decl":{"start":{"line":24,"column":30},"end":{"line":24,"column":31}},"loc":{"start":{"line":24,"column":46},"end":{"line":24,"column":59}}}},"branchMap":{},"s":{"0":8,"1":8,"2":8,"3":8,"4":8,"5":8,"6":8,"7":8,"8":0,"9":0,"10":8,"11":8,"12":0,"13":0,"14":8,"15":8,"16":8,"17":8},"f":{"0":0,"1":0,"2":0,"3":0},"b":{}}
,"/Users/parthtank/Downloads/express-typescript-main/src/models/index.ts": {"path":"/Users/parthtank/Downloads/express-typescript-main/src/models/index.ts","statementMap":{"0":{"start":{"line":1,"column":0},"end":{"line":1,"column":9}},"1":{"start":{"line":6,"column":9},"end":{"line":1,"column":30}},"2":{"start":{"line":2,"column":0},"end":{"line":2,"column":9}},"3":{"start":{"line":6,"column":15},"end":{"line":2,"column":30}},"4":{"start":{"line":3,"column":0},"end":{"line":3,"column":9}},"5":{"start":{"line":6,"column":21},"end":{"line":3,"column":36}},"6":{"start":{"line":4,"column":0},"end":{"line":4,"column":9}},"7":{"start":{"line":6,"column":30},"end":{"line":4,"column":37}}},"fnMap":{"0":{"name":"(anonymous_0)","decl":{"start":{"line":6,"column":9},"end":{"line":6,"column":13}},"loc":{"start":{"line":6,"column":9},"end":{"line":1,"column":30}}},"1":{"name":"(anonymous_1)","decl":{"start":{"line":6,"column":15},"end":{"line":6,"column":19}},"loc":{"start":{"line":6,"column":15},"end":{"line":2,"column":30}}},"2":{"name":"(anonymous_2)","decl":{"start":{"line":6,"column":21},"end":{"line":6,"column":28}},"loc":{"start":{"line":6,"column":21},"end":{"line":3,"column":36}}},"3":{"name":"(anonymous_3)","decl":{"start":{"line":6,"column":30},"end":{"line":6,"column":38}},"loc":{"start":{"line":6,"column":30},"end":{"line":4,"column":37}}}},"branchMap":{},"s":{"0":8,"1":38,"2":8,"3":30,"4":8,"5":20,"6":8,"7":8},"f":{"0":30,"1":22,"2":12,"3":0},"b":{}}
,"/Users/parthtank/Downloads/express-typescript-main/src/models/post.ts": {"path":"/Users/parthtank/Downloads/express-typescript-main/src/models/post.ts","statementMap":{"0":{"start":{"line":1,"column":0},"end":{"line":1,"column":132}},"1":{"start":{"line":2,"column":0},"end":{"line":2,"column":36}},"2":{"start":{"line":3,"column":0},"end":{"line":3,"column":30}},"3":{"start":{"line":6,"column":0},"end":{"line":33,"column":null}},"4":{"start":{"line":9,"column":4},"end":{"line":9,"column":null}},"5":{"start":{"line":12,"column":4},"end":{"line":12,"column":null}},"6":{"start":{"line":17,"column":4},"end":{"line":17,"column":null}},"7":{"start":{"line":20,"column":4},"end":{"line":20,"column":null}},"8":{"start":{"line":23,"column":4},"end":{"line":23,"column":null}},"9":{"start":{"line":21,"column":24},"end":{"line":21,"column":28}},"10":{"start":{"line":21,"column":46},"end":{"line":21,"column":56}},"11":{"start":{"line":26,"column":4},"end":{"line":26,"column":null}},"12":{"start":{"line":25,"column":23},"end":{"line":25,"column":30}},"13":{"start":{"line":25,"column":54},"end":{"line":25,"column":66}},"14":{"start":{"line":29,"column":4},"end":{"line":29,"column":null}},"15":{"start":{"line":32,"column":4},"end":{"line":32,"column":null}},"16":{"start":{"line":6,"column":13},"end":{"line":33,"column":null}},"17":{"start":{"line":6,"column":13},"end":{"line":6,"column":17}}},"fnMap":{"0":{"name":"(anonymous_2)","decl":{"start":{"line":21,"column":15},"end":{"line":21,"column":20}},"loc":{"start":{"line":21,"column":24},"end":{"line":21,"column":28}}},"1":{"name":"(anonymous_3)","decl":{"start":{"line":21,"column":30},"end":{"line":21,"column":31}},"loc":{"start":{"line":21,"column":46},"end":{"line":21,"column":56}}},"2":{"name":"(anonymous_4)","decl":{"start":{"line":25,"column":15},"end":{"line":25,"column":20}},"loc":{"start":{"line":25,"column":23},"end":{"line":25,"column":30}}},"3":{"name":"(anonymous_5)","decl":{"start":{"line":25,"column":32},"end":{"line":25,"column":33}},"loc":{"start":{"line":25,"column":54},"end":{"line":25,"column":66}}}},"branchMap":{},"s":{"0":8,"1":8,"2":8,"3":8,"4":8,"5":8,"6":8,"7":8,"8":8,"9":0,"10":0,"11":8,"12":0,"13":0,"14":8,"15":8,"16":8,"17":8},"f":{"0":0,"1":0,"2":0,"3":0},"b":{}}
,"/Users/parthtank/Downloads/express-typescript-main/src/models/product.ts": {"path":"/Users/parthtank/Downloads/express-typescript-main/src/models/product.ts","statementMap":{"0":{"start":{"line":1,"column":0},"end":{"line":1,"column":65}},"1":{"start":{"line":4,"column":0},"end":{"line":16,"column":null}},"2":{"start":{"line":6,"column":4},"end":{"line":6,"column":null}},"3":{"start":{"line":9,"column":4},"end":{"line":9,"column":null}},"4":{"start":{"line":12,"column":4},"end":{"line":12,"column":null}},"5":{"start":{"line":15,"column":4},"end":{"line":15,"column":null}},"6":{"start":{"line":4,"column":13},"end":{"line":16,"column":null}},"7":{"start":{"line":4,"column":13},"end":{"line":4,"column":21}}},"fnMap":{},"branchMap":{},"s":{"0":8,"1":8,"2":8,"3":8,"4":8,"5":8,"6":8,"7":8},"f":{},"b":{}}
,"/Users/parthtank/Downloads/express-typescript-main/src/models/user.ts": {"path":"/Users/parthtank/Downloads/express-typescript-main/src/models/user.ts","statementMap":{"0":{"start":{"line":1,"column":0},"end":{"line":1,"column":110}},"1":{"start":{"line":2,"column":0},"end":{"line":2,"column":30}},"2":{"start":{"line":3,"column":0},"end":{"line":3,"column":34}},"3":{"start":{"line":6,"column":0},"end":{"line":31,"column":null}},"4":{"start":{"line":9,"column":4},"end":{"line":9,"column":null}},"5":{"start":{"line":12,"column":4},"end":{"line":12,"column":null}},"6":{"start":{"line":15,"column":4},"end":{"line":15,"column":null}},"7":{"start":{"line":18,"column":4},"end":{"line":18,"column":null}},"8":{"start":{"line":21,"column":4},"end":{"line":21,"column":null}},"9":{"start":{"line":20,"column":24},"end":{"line":20,"column":28}},"10":{"start":{"line":20,"column":46},"end":{"line":20,"column":55}},"11":{"start":{"line":24,"column":4},"end":{"line":24,"column":null}},"12":{"start":{"line":23,"column":23},"end":{"line":23,"column":30}},"13":{"start":{"line":23,"column":54},"end":{"line":23,"column":66}},"14":{"start":{"line":27,"column":4},"end":{"line":27,"column":null}},"15":{"start":{"line":30,"column":4},"end":{"line":30,"column":null}},"16":{"start":{"line":6,"column":13},"end":{"line":31,"column":null}},"17":{"start":{"line":6,"column":13},"end":{"line":6,"column":17}}},"fnMap":{"0":{"name":"(anonymous_2)","decl":{"start":{"line":20,"column":15},"end":{"line":20,"column":20}},"loc":{"start":{"line":20,"column":24},"end":{"line":20,"column":28}}},"1":{"name":"(anonymous_3)","decl":{"start":{"line":20,"column":30},"end":{"line":20,"column":31}},"loc":{"start":{"line":20,"column":46},"end":{"line":20,"column":55}}},"2":{"name":"(anonymous_4)","decl":{"start":{"line":23,"column":15},"end":{"line":23,"column":20}},"loc":{"start":{"line":23,"column":23},"end":{"line":23,"column":30}}},"3":{"name":"(anonymous_5)","decl":{"start":{"line":23,"column":32},"end":{"line":23,"column":33}},"loc":{"start":{"line":23,"column":54},"end":{"line":23,"column":66}}}},"branchMap":{},"s":{"0":8,"1":8,"2":8,"3":8,"4":8,"5":8,"6":8,"7":8,"8":8,"9":0,"10":0,"11":8,"12":0,"13":0,"14":8,"15":8,"16":8,"17":8},"f":{"0":0,"1":0,"2":0,"3":0},"b":{}}
,"/Users/parthtank/Downloads/express-typescript-main/src/repositories/comment.repository.ts": {"path":"/Users/parthtank/Downloads/express-typescript-main/src/repositories/comment.repository.ts","statementMap":{"0":{"start":{"line":1,"column":0},"end":{"line":1,"column":38}},"1":{"start":{"line":2,"column":0},"end":{"line":2,"column":35}},"2":{"start":{"line":10,"column":28},"end":{"line":13,"column":null}},"3":{"start":{"line":10,"column":64},"end":{"line":13,"column":null}},"4":{"start":{"line":11,"column":28},"end":{"line":11,"column":50}},"5":{"start":{"line":12,"column":2},"end":{"line":12,"column":null}},"6":{"start":{"line":10,"column":13},"end":{"line":10,"column":28}},"7":{"start":{"line":15,"column":30},"end":{"line":22,"column":null}},"8":{"start":{"line":15,"column":83},"end":{"line":22,"column":null}},"9":{"start":{"line":16,"column":28},"end":{"line":16,"column":50}},"10":{"start":{"line":17,"column":18},"end":{"line":17,"column":31}},"11":{"start":{"line":18,"column":2},"end":{"line":21,"column":null}},"12":{"start":{"line":15,"column":13},"end":{"line":15,"column":30}},"13":{"start":{"line":24,"column":27},"end":{"line":29,"column":null}},"14":{"start":{"line":24,"column":73},"end":{"line":29,"column":null}},"15":{"start":{"line":25,"column":28},"end":{"line":25,"column":50}},"16":{"start":{"line":26,"column":18},"end":{"line":26,"column":59}},"17":{"start":{"line":27,"column":2},"end":{"line":27,"column":null}},"18":{"start":{"line":27,"column":16},"end":{"line":27,"column":null}},"19":{"start":{"line":28,"column":2},"end":{"line":28,"column":null}},"20":{"start":{"line":24,"column":13},"end":{"line":24,"column":27}}},"fnMap":{"0":{"name":"(anonymous_7)","decl":{"start":{"line":10,"column":28},"end":{"line":10,"column":62}},"loc":{"start":{"line":10,"column":64},"end":{"line":13,"column":null}}},"1":{"name":"(anonymous_8)","decl":{"start":{"line":10,"column":64},"end":{"line":10,"column":null}},"loc":{"start":{"line":10,"column":64},"end":{"line":13,"column":1}}},"2":{"name":"(anonymous_9)","decl":{"start":{"line":15,"column":30},"end":{"line":15,"column":37}},"loc":{"start":{"line":15,"column":83},"end":{"line":22,"column":null}}},"3":{"name":"(anonymous_10)","decl":{"start":{"line":15,"column":83},"end":{"line":15,"column":null}},"loc":{"start":{"line":15,"column":83},"end":{"line":22,"column":1}}},"4":{"name":"(anonymous_11)","decl":{"start":{"line":24,"column":27},"end":{"line":24,"column":34}},"loc":{"start":{"line":24,"column":73},"end":{"line":29,"column":null}}},"5":{"name":"(anonymous_12)","decl":{"start":{"line":24,"column":73},"end":{"line":24,"column":null}},"loc":{"start":{"line":24,"column":73},"end":{"line":29,"column":1}}}},"branchMap":{"0":{"loc":{"start":{"line":27,"column":2},"end":{"line":27,"column":null}},"type":"if","locations":[{"start":{"line":27,"column":2},"end":{"line":27,"column":null}}]}},"s":{"0":4,"1":4,"2":4,"3":4,"4":4,"5":4,"6":4,"7":4,"8":2,"9":2,"10":2,"11":2,"12":4,"13":4,"14":4,"15":4,"16":4,"17":4,"18":2,"19":2,"20":4},"f":{"0":4,"1":4,"2":2,"3":2,"4":4,"5":4},"b":{"0":[2]}}
,"/Users/parthtank/Downloads/express-typescript-main/src/repositories/post.repository.ts": {"path":"/Users/parthtank/Downloads/express-typescript-main/src/repositories/post.repository.ts","statementMap":{"0":{"start":{"line":1,"column":0},"end":{"line":1,"column":38}},"1":{"start":{"line":2,"column":0},"end":{"line":2,"column":30}},"2":{"start":{"line":10,"column":25},"end":{"line":13,"column":null}},"3":{"start":{"line":10,"column":58},"end":{"line":13,"column":null}},"4":{"start":{"line":11,"column":25},"end":{"line":11,"column":44}},"5":{"start":{"line":12,"column":2},"end":{"line":12,"column":null}},"6":{"start":{"line":10,"column":13},"end":{"line":10,"column":25}},"7":{"start":{"line":15,"column":27},"end":{"line":22,"column":null}},"8":{"start":{"line":15,"column":74},"end":{"line":22,"column":null}},"9":{"start":{"line":16,"column":25},"end":{"line":16,"column":44}},"10":{"start":{"line":17,"column":15},"end":{"line":17,"column":25}},"11":{"start":{"line":18,"column":2},"end":{"line":21,"column":null}},"12":{"start":{"line":15,"column":13},"end":{"line":15,"column":27}},"13":{"start":{"line":24,"column":24},"end":{"line":29,"column":null}},"14":{"start":{"line":24,"column":67},"end":{"line":29,"column":null}},"15":{"start":{"line":25,"column":25},"end":{"line":25,"column":44}},"16":{"start":{"line":26,"column":15},"end":{"line":26,"column":53}},"17":{"start":{"line":27,"column":2},"end":{"line":27,"column":null}},"18":{"start":{"line":27,"column":13},"end":{"line":27,"column":null}},"19":{"start":{"line":28,"column":2},"end":{"line":28,"column":null}},"20":{"start":{"line":24,"column":13},"end":{"line":24,"column":24}}},"fnMap":{"0":{"name":"(anonymous_7)","decl":{"start":{"line":10,"column":25},"end":{"line":10,"column":56}},"loc":{"start":{"line":10,"column":58},"end":{"line":13,"column":null}}},"1":{"name":"(anonymous_8)","decl":{"start":{"line":10,"column":58},"end":{"line":10,"column":null}},"loc":{"start":{"line":10,"column":58},"end":{"line":13,"column":1}}},"2":{"name":"(anonymous_9)","decl":{"start":{"line":15,"column":27},"end":{"line":15,"column":34}},"loc":{"start":{"line":15,"column":74},"end":{"line":22,"column":null}}},"3":{"name":"(anonymous_10)","decl":{"start":{"line":15,"column":74},"end":{"line":15,"column":null}},"loc":{"start":{"line":15,"column":74},"end":{"line":22,"column":1}}},"4":{"name":"(anonymous_11)","decl":{"start":{"line":24,"column":24},"end":{"line":24,"column":31}},"loc":{"start":{"line":24,"column":67},"end":{"line":29,"column":null}}},"5":{"name":"(anonymous_12)","decl":{"start":{"line":24,"column":67},"end":{"line":24,"column":null}},"loc":{"start":{"line":24,"column":67},"end":{"line":29,"column":1}}}},"branchMap":{"0":{"loc":{"start":{"line":27,"column":2},"end":{"line":27,"column":null}},"type":"if","locations":[{"start":{"line":27,"column":2},"end":{"line":27,"column":null}}]}},"s":{"0":2,"1":2,"2":2,"3":2,"4":2,"5":2,"6":2,"7":2,"8":1,"9":1,"10":1,"11":1,"12":2,"13":2,"14":2,"15":2,"16":2,"17":2,"18":1,"19":1,"20":2},"f":{"0":2,"1":2,"2":1,"3":1,"4":2,"5":2},"b":{"0":[1]}}
,"/Users/parthtank/Downloads/express-typescript-main/src/repositories/product.repository.ts": {"path":"/Users/parthtank/Downloads/express-typescript-main/src/repositories/product.repository.ts","statementMap":{"0":{"start":{"line":1,"column":0},"end":{"line":1,"column":40}},"1":{"start":{"line":2,"column":0},"end":{"line":2,"column":37}},"2":{"start":{"line":11,"column":28},"end":{"line":14,"column":null}},"3":{"start":{"line":11,"column":66},"end":{"line":14,"column":null}},"4":{"start":{"line":12,"column":29},"end":{"line":12,"column":52}},"5":{"start":{"line":13,"column":2},"end":{"line":13,"column":null}},"6":{"start":{"line":11,"column":13},"end":{"line":11,"column":28}},"7":{"start":{"line":16,"column":30},"end":{"line":25,"column":null}},"8":{"start":{"line":16,"column":90},"end":{"line":25,"column":null}},"9":{"start":{"line":17,"column":29},"end":{"line":17,"column":52}},"10":{"start":{"line":18,"column":18},"end":{"line":18,"column":32}},"11":{"start":{"line":19,"column":14},"end":{"line":21,"column":null}},"12":{"start":{"line":23,"column":2},"end":{"line":23,"column":28}},"13":{"start":{"line":24,"column":2},"end":{"line":24,"column":13}},"14":{"start":{"line":16,"column":13},"end":{"line":16,"column":30}},"15":{"start":{"line":27,"column":27},"end":{"line":32,"column":null}},"16":{"start":{"line":27,"column":74},"end":{"line":32,"column":null}},"17":{"start":{"line":28,"column":29},"end":{"line":28,"column":52}},"18":{"start":{"line":29,"column":18},"end":{"line":29,"column":67}},"19":{"start":{"line":30,"column":2},"end":{"line":30,"column":null}},"20":{"start":{"line":30,"column":16},"end":{"line":30,"column":null}},"21":{"start":{"line":31,"column":2},"end":{"line":31,"column":null}},"22":{"start":{"line":27,"column":13},"end":{"line":27,"column":27}}},"fnMap":{"0":{"name":"(anonymous_7)","decl":{"start":{"line":11,"column":28},"end":{"line":11,"column":64}},"loc":{"start":{"line":11,"column":66},"end":{"line":14,"column":null}}},"1":{"name":"(anonymous_8)","decl":{"start":{"line":11,"column":66},"end":{"line":11,"column":null}},"loc":{"start":{"line":11,"column":66},"end":{"line":14,"column":1}}},"2":{"name":"(anonymous_9)","decl":{"start":{"line":16,"column":30},"end":{"line":16,"column":37}},"loc":{"start":{"line":16,"column":90},"end":{"line":25,"column":null}}},"3":{"name":"(anonymous_10)","decl":{"start":{"line":16,"column":90},"end":{"line":16,"column":null}},"loc":{"start":{"line":16,"column":90},"end":{"line":25,"column":1}}},"4":{"name":"(anonymous_11)","decl":{"start":{"line":27,"column":27},"end":{"line":27,"column":34}},"loc":{"start":{"line":27,"column":74},"end":{"line":32,"column":null}}},"5":{"name":"(anonymous_12)","decl":{"start":{"line":27,"column":74},"end":{"line":27,"column":null}},"loc":{"start":{"line":27,"column":74},"end":{"line":32,"column":1}}}},"branchMap":{"0":{"loc":{"start":{"line":30,"column":2},"end":{"line":30,"column":null}},"type":"if","locations":[{"start":{"line":30,"column":2},"end":{"line":30,"column":null}}]}},"s":{"0":0,"1":0,"2":0,"3":0,"4":0,"5":0,"6":0,"7":0,"8":0,"9":0,"10":0,"11":0,"12":0,"13":0,"14":0,"15":0,"16":0,"17":0,"18":0,"19":0,"20":0,"21":0,"22":0},"f":{"0":0,"1":0,"2":0,"3":0,"4":0,"5":0},"b":{"0":[0]}}
,"/Users/parthtank/Downloads/express-typescript-main/src/repositories/user.repository.ts": {"path":"/Users/parthtank/Downloads/express-typescript-main/src/repositories/user.repository.ts","statementMap":{"0":{"start":{"line":1,"column":0},"end":{"line":1,"column":38}},"1":{"start":{"line":2,"column":0},"end":{"line":2,"column":30}},"2":{"start":{"line":10,"column":25},"end":{"line":13,"column":null}},"3":{"start":{"line":10,"column":58},"end":{"line":13,"column":null}},"4":{"start":{"line":11,"column":25},"end":{"line":11,"column":44}},"5":{"start":{"line":12,"column":2},"end":{"line":12,"column":null}},"6":{"start":{"line":10,"column":13},"end":{"line":10,"column":25}},"7":{"start":{"line":15,"column":27},"end":{"line":22,"column":null}},"8":{"start":{"line":15,"column":74},"end":{"line":22,"column":null}},"9":{"start":{"line":16,"column":25},"end":{"line":16,"column":44}},"10":{"start":{"line":17,"column":15},"end":{"line":17,"column":25}},"11":{"start":{"line":18,"column":2},"end":{"line":21,"column":null}},"12":{"start":{"line":15,"column":13},"end":{"line":15,"column":27}},"13":{"start":{"line":24,"column":24},"end":{"line":29,"column":null}},"14":{"start":{"line":24,"column":67},"end":{"line":29,"column":null}},"15":{"start":{"line":25,"column":25},"end":{"line":25,"column":44}},"16":{"start":{"line":26,"column":15},"end":{"line":26,"column":53}},"17":{"start":{"line":27,"column":2},"end":{"line":27,"column":null}},"18":{"start":{"line":27,"column":13},"end":{"line":27,"column":null}},"19":{"start":{"line":28,"column":2},"end":{"line":28,"column":null}},"20":{"start":{"line":24,"column":13},"end":{"line":24,"column":24}}},"fnMap":{"0":{"name":"(anonymous_7)","decl":{"start":{"line":10,"column":25},"end":{"line":10,"column":56}},"loc":{"start":{"line":10,"column":58},"end":{"line":13,"column":null}}},"1":{"name":"(anonymous_8)","decl":{"start":{"line":10,"column":58},"end":{"line":10,"column":null}},"loc":{"start":{"line":10,"column":58},"end":{"line":13,"column":1}}},"2":{"name":"(anonymous_9)","decl":{"start":{"line":15,"column":27},"end":{"line":15,"column":34}},"loc":{"start":{"line":15,"column":74},"end":{"line":22,"column":null}}},"3":{"name":"(anonymous_10)","decl":{"start":{"line":15,"column":74},"end":{"line":15,"column":null}},"loc":{"start":{"line":15,"column":74},"end":{"line":22,"column":1}}},"4":{"name":"(anonymous_11)","decl":{"start":{"line":24,"column":24},"end":{"line":24,"column":31}},"loc":{"start":{"line":24,"column":67},"end":{"line":29,"column":null}}},"5":{"name":"(anonymous_12)","decl":{"start":{"line":24,"column":67},"end":{"line":24,"column":null}},"loc":{"start":{"line":24,"column":67},"end":{"line":29,"column":1}}}},"branchMap":{"0":{"loc":{"start":{"line":27,"column":2},"end":{"line":27,"column":null}},"type":"if","locations":[{"start":{"line":27,"column":2},"end":{"line":27,"column":null}}]}},"s":{"0":2,"1":2,"2":2,"3":2,"4":2,"5":2,"6":2,"7":2,"8":1,"9":1,"10":1,"11":1,"12":2,"13":2,"14":2,"15":2,"16":2,"17":2,"18":1,"19":1,"20":2},"f":{"0":2,"1":2,"2":1,"3":1,"4":2,"5":2},"b":{"0":[1]}}
,"/Users/parthtank/Downloads/express-typescript-main/src/routes/comment.router.ts": {"path":"/Users/parthtank/Downloads/express-typescript-main/src/routes/comment.router.ts","statementMap":{"0":{"start":{"line":1,"column":0},"end":{"line":1,"column":30}},"1":{"start":{"line":2,"column":0},"end":{"line":2,"column":66}},"2":{"start":{"line":4,"column":15},"end":{"line":4,"column":31}},"3":{"start":{"line":6,"column":0},"end":{"line":10,"column":3}},"4":{"start":{"line":6,"column":36},"end":{"line":10,"column":2}},"5":{"start":{"line":7,"column":21},"end":{"line":7,"column":44}},"6":{"start":{"line":8,"column":19},"end":{"line":8,"column":49}},"7":{"start":{"line":9,"column":2},"end":{"line":9,"column":28}},"8":{"start":{"line":12,"column":0},"end":{"line":16,"column":3}},"9":{"start":{"line":12,"column":36},"end":{"line":16,"column":2}},"10":{"start":{"line":13,"column":21},"end":{"line":13,"column":44}},"11":{"start":{"line":14,"column":19},"end":{"line":14,"column":59}},"12":{"start":{"line":15,"column":2},"end":{"line":15,"column":28}},"13":{"start":{"line":18,"column":0},"end":{"line":23,"column":3}},"14":{"start":{"line":18,"column":38},"end":{"line":23,"column":2}},"15":{"start":{"line":19,"column":21},"end":{"line":19,"column":44}},"16":{"start":{"line":20,"column":19},"end":{"line":20,"column":61}},"17":{"start":{"line":21,"column":2},"end":{"line":21,"column":null}},"18":{"start":{"line":21,"column":17},"end":{"line":21,"column":null}},"19":{"start":{"line":22,"column":2},"end":{"line":22,"column":28}},"20":{"start":{"line":25,"column":0},"end":{"line":25,"column":22}}},"fnMap":{"0":{"name":"(anonymous_8)","decl":{"start":{"line":6,"column":16},"end":{"line":6,"column":23}},"loc":{"start":{"line":6,"column":36},"end":{"line":10,"column":2}}},"1":{"name":"(anonymous_9)","decl":{"start":{"line":6,"column":36},"end":{"line":6,"column":null}},"loc":{"start":{"line":6,"column":36},"end":{"line":10,"column":1}}},"2":{"name":"(anonymous_10)","decl":{"start":{"line":12,"column":17},"end":{"line":12,"column":24}},"loc":{"start":{"line":12,"column":36},"end":{"line":16,"column":2}}},"3":{"name":"(anonymous_11)","decl":{"start":{"line":12,"column":36},"end":{"line":12,"column":null}},"loc":{"start":{"line":12,"column":36},"end":{"line":16,"column":1}}},"4":{"name":"(anonymous_12)","decl":{"start":{"line":18,"column":19},"end":{"line":18,"column":26}},"loc":{"start":{"line":18,"column":38},"end":{"line":23,"column":2}}},"5":{"name":"(anonymous_13)","decl":{"start":{"line":18,"column":38},"end":{"line":18,"column":null}},"loc":{"start":{"line":18,"column":38},"end":{"line":23,"column":1}}}},"branchMap":{"0":{"loc":{"start":{"line":21,"column":2},"end":{"line":21,"column":null}},"type":"if","locations":[{"start":{"line":21,"column":2},"end":{"line":21,"column":null}}]}},"s":{"0":0,"1":0,"2":0,"3":0,"4":0,"5":0,"6":0,"7":0,"8":0,"9":0,"10":0,"11":0,"12":0,"13":0,"14":0,"15":0,"16":0,"17":0,"18":0,"19":0,"20":0},"f":{"0":0,"1":0,"2":0,"3":0,"4":0,"5":0},"b":{"0":[0]}}
,"/Users/parthtank/Downloads/express-typescript-main/src/routes/index.ts": {"path":"/Users/parthtank/Downloads/express-typescript-main/src/routes/index.ts","statementMap":{"0":{"start":{"line":1,"column":0},"end":{"line":1,"column":30}},"1":{"start":{"line":2,"column":0},"end":{"line":2,"column":60}},"2":{"start":{"line":3,"column":0},"end":{"line":3,"column":39}},"3":{"start":{"line":4,"column":0},"end":{"line":4,"column":39}},"4":{"start":{"line":5,"column":0},"end":{"line":5,"column":45}},"5":{"start":{"line":6,"column":0},"end":{"line":6,"column":45}},"6":{"start":{"line":8,"column":15},"end":{"line":8,"column":31}},"7":{"start":{"line":10,"column":0},"end":{"line":12,"column":3}},"8":{"start":{"line":10,"column":36},"end":{"line":12,"column":2}},"9":{"start":{"line":11,"column":2},"end":{"line":11,"column":46}},"10":{"start":{"line":14,"column":0},"end":{"line":18,"column":3}},"11":{"start":{"line":14,"column":40},"end":{"line":18,"column":2}},"12":{"start":{"line":15,"column":21},"end":{"line":15,"column":41}},"13":{"start":{"line":16,"column":19},"end":{"line":16,"column":48}},"14":{"start":{"line":17,"column":2},"end":{"line":17,"column":28}},"15":{"start":{"line":20,"column":0},"end":{"line":20,"column":null}},"16":{"start":{"line":21,"column":0},"end":{"line":21,"column":null}},"17":{"start":{"line":22,"column":0},"end":{"line":22,"column":null}},"18":{"start":{"line":24,"column":0},"end":{"line":24,"column":null}},"19":{"start":{"line":28,"column":0},"end":{"line":28,"column":22}}},"fnMap":{"0":{"name":"(anonymous_8)","decl":{"start":{"line":10,"column":16},"end":{"line":10,"column":23}},"loc":{"start":{"line":10,"column":36},"end":{"line":12,"column":2}}},"1":{"name":"(anonymous_9)","decl":{"start":{"line":10,"column":36},"end":{"line":10,"column":null}},"loc":{"start":{"line":10,"column":36},"end":{"line":12,"column":1}}},"2":{"name":"(anonymous_10)","decl":{"start":{"line":14,"column":20},"end":{"line":14,"column":27}},"loc":{"start":{"line":14,"column":40},"end":{"line":18,"column":2}}},"3":{"name":"(anonymous_11)","decl":{"start":{"line":14,"column":40},"end":{"line":14,"column":null}},"loc":{"start":{"line":14,"column":40},"end":{"line":18,"column":1}}}},"branchMap":{},"s":{"0":0,"1":0,"2":0,"3":0,"4":0,"5":0,"6":0,"7":0,"8":0,"9":0,"10":0,"11":0,"12":0,"13":0,"14":0,"15":0,"16":0,"17":0,"18":0,"19":0},"f":{"0":0,"1":0,"2":0,"3":0},"b":{}}
,"/Users/parthtank/Downloads/express-typescript-main/src/routes/post.router.ts": {"path":"/Users/parthtank/Downloads/express-typescript-main/src/routes/post.router.ts","statementMap":{"0":{"start":{"line":1,"column":0},"end":{"line":1,"column":30}},"1":{"start":{"line":2,"column":0},"end":{"line":2,"column":60}},"2":{"start":{"line":4,"column":15},"end":{"line":4,"column":31}},"3":{"start":{"line":6,"column":0},"end":{"line":10,"column":3}},"4":{"start":{"line":6,"column":36},"end":{"line":10,"column":2}},"5":{"start":{"line":7,"column":21},"end":{"line":7,"column":41}},"6":{"start":{"line":8,"column":19},"end":{"line":8,"column":46}},"7":{"start":{"line":9,"column":2},"end":{"line":9,"column":28}},"8":{"start":{"line":12,"column":0},"end":{"line":16,"column":3}},"9":{"start":{"line":12,"column":36},"end":{"line":16,"column":2}},"10":{"start":{"line":13,"column":21},"end":{"line":13,"column":41}},"11":{"start":{"line":14,"column":19},"end":{"line":14,"column":56}},"12":{"start":{"line":15,"column":2},"end":{"line":15,"column":28}},"13":{"start":{"line":18,"column":0},"end":{"line":23,"column":3}},"14":{"start":{"line":18,"column":38},"end":{"line":23,"column":2}},"15":{"start":{"line":19,"column":21},"end":{"line":19,"column":41}},"16":{"start":{"line":20,"column":19},"end":{"line":20,"column":58}},"17":{"start":{"line":21,"column":2},"end":{"line":21,"column":null}},"18":{"start":{"line":21,"column":17},"end":{"line":21,"column":null}},"19":{"start":{"line":22,"column":2},"end":{"line":22,"column":28}},"20":{"start":{"line":25,"column":0},"end":{"line":25,"column":22}}},"fnMap":{"0":{"name":"(anonymous_8)","decl":{"start":{"line":6,"column":16},"end":{"line":6,"column":23}},"loc":{"start":{"line":6,"column":36},"end":{"line":10,"column":2}}},"1":{"name":"(anonymous_9)","decl":{"start":{"line":6,"column":36},"end":{"line":6,"column":null}},"loc":{"start":{"line":6,"column":36},"end":{"line":10,"column":1}}},"2":{"name":"(anonymous_10)","decl":{"start":{"line":12,"column":17},"end":{"line":12,"column":24}},"loc":{"start":{"line":12,"column":36},"end":{"line":16,"column":2}}},"3":{"name":"(anonymous_11)","decl":{"start":{"line":12,"column":36},"end":{"line":12,"column":null}},"loc":{"start":{"line":12,"column":36},"end":{"line":16,"column":1}}},"4":{"name":"(anonymous_12)","decl":{"start":{"line":18,"column":19},"end":{"line":18,"column":26}},"loc":{"start":{"line":18,"column":38},"end":{"line":23,"column":2}}},"5":{"name":"(anonymous_13)","decl":{"start":{"line":18,"column":38},"end":{"line":18,"column":null}},"loc":{"start":{"line":18,"column":38},"end":{"line":23,"column":1}}}},"branchMap":{"0":{"loc":{"start":{"line":21,"column":2},"end":{"line":21,"column":null}},"type":"if","locations":[{"start":{"line":21,"column":2},"end":{"line":21,"column":null}}]}},"s":{"0":0,"1":0,"2":0,"3":0,"4":0,"5":0,"6":0,"7":0,"8":0,"9":0,"10":0,"11":0,"12":0,"13":0,"14":0,"15":0,"16":0,"17":0,"18":0,"19":0,"20":0},"f":{"0":0,"1":0,"2":0,"3":0,"4":0,"5":0},"b":{"0":[0]}}
,"/Users/parthtank/Downloads/express-typescript-main/src/routes/product.router.ts": {"path":"/Users/parthtank/Downloads/express-typescript-main/src/routes/product.router.ts","statementMap":{"0":{"start":{"line":1,"column":0},"end":{"line":1,"column":30}},"1":{"start":{"line":2,"column":0},"end":{"line":2,"column":66}},"2":{"start":{"line":4,"column":15},"end":{"line":4,"column":31}},"3":{"start":{"line":6,"column":0},"end":{"line":10,"column":3}},"4":{"start":{"line":6,"column":36},"end":{"line":10,"column":2}},"5":{"start":{"line":7,"column":21},"end":{"line":7,"column":44}},"6":{"start":{"line":8,"column":19},"end":{"line":8,"column":49}},"7":{"start":{"line":9,"column":2},"end":{"line":9,"column":28}},"8":{"start":{"line":12,"column":0},"end":{"line":16,"column":3}},"9":{"start":{"line":12,"column":36},"end":{"line":16,"column":2}},"10":{"start":{"line":13,"column":21},"end":{"line":13,"column":44}},"11":{"start":{"line":14,"column":19},"end":{"line":14,"column":59}},"12":{"start":{"line":15,"column":2},"end":{"line":15,"column":28}},"13":{"start":{"line":18,"column":0},"end":{"line":28,"column":3}},"14":{"start":{"line":18,"column":38},"end":{"line":28,"column":2}},"15":{"start":{"line":19,"column":2},"end":{"line":27,"column":null}},"16":{"start":{"line":20,"column":23},"end":{"line":20,"column":46}},"17":{"start":{"line":21,"column":21},"end":{"line":21,"column":63}},"18":{"start":{"line":22,"column":4},"end":{"line":22,"column":null}},"19":{"start":{"line":22,"column":19},"end":{"line":22,"column":null}},"20":{"start":{"line":23,"column":4},"end":{"line":23,"column":30}},"21":{"start":{"line":25,"column":4},"end":{"line":25,"column":null}},"22":{"start":{"line":26,"column":4},"end":{"line":26,"column":23}},"23":{"start":{"line":30,"column":0},"end":{"line":30,"column":22}}},"fnMap":{"0":{"name":"(anonymous_8)","decl":{"start":{"line":6,"column":16},"end":{"line":6,"column":23}},"loc":{"start":{"line":6,"column":36},"end":{"line":10,"column":2}}},"1":{"name":"(anonymous_9)","decl":{"start":{"line":6,"column":36},"end":{"line":6,"column":null}},"loc":{"start":{"line":6,"column":36},"end":{"line":10,"column":1}}},"2":{"name":"(anonymous_10)","decl":{"start":{"line":12,"column":17},"end":{"line":12,"column":24}},"loc":{"start":{"line":12,"column":36},"end":{"line":16,"column":2}}},"3":{"name":"(anonymous_11)","decl":{"start":{"line":12,"column":36},"end":{"line":12,"column":null}},"loc":{"start":{"line":12,"column":36},"end":{"line":16,"column":1}}},"4":{"name":"(anonymous_12)","decl":{"start":{"line":18,"column":19},"end":{"line":18,"column":26}},"loc":{"start":{"line":18,"column":38},"end":{"line":28,"column":2}}},"5":{"name":"(anonymous_13)","decl":{"start":{"line":18,"column":38},"end":{"line":18,"column":null}},"loc":{"start":{"line":18,"column":38},"end":{"line":28,"column":1}}}},"branchMap":{"0":{"loc":{"start":{"line":22,"column":4},"end":{"line":22,"column":null}},"type":"if","locations":[{"start":{"line":22,"column":4},"end":{"line":22,"column":null}}]}},"s":{"0":0,"1":0,"2":0,"3":0,"4":0,"5":0,"6":0,"7":0,"8":0,"9":0,"10":0,"11":0,"12":0,"13":0,"14":0,"15":0,"16":0,"17":0,"18":0,"19":0,"20":0,"21":0,"22":0,"23":0},"f":{"0":0,"1":0,"2":0,"3":0,"4":0,"5":0},"b":{"0":[0]}}
,"/Users/parthtank/Downloads/express-typescript-main/src/routes/user.router.ts": {"path":"/Users/parthtank/Downloads/express-typescript-main/src/routes/user.router.ts","statementMap":{"0":{"start":{"line":1,"column":0},"end":{"line":1,"column":30}},"1":{"start":{"line":2,"column":0},"end":{"line":2,"column":60}},"2":{"start":{"line":4,"column":15},"end":{"line":4,"column":31}},"3":{"start":{"line":6,"column":0},"end":{"line":10,"column":3}},"4":{"start":{"line":6,"column":36},"end":{"line":10,"column":2}},"5":{"start":{"line":7,"column":21},"end":{"line":7,"column":41}},"6":{"start":{"line":8,"column":19},"end":{"line":8,"column":46}},"7":{"start":{"line":9,"column":2},"end":{"line":9,"column":28}},"8":{"start":{"line":12,"column":0},"end":{"line":16,"column":3}},"9":{"start":{"line":12,"column":36},"end":{"line":16,"column":2}},"10":{"start":{"line":13,"column":21},"end":{"line":13,"column":41}},"11":{"start":{"line":14,"column":19},"end":{"line":14,"column":56}},"12":{"start":{"line":15,"column":2},"end":{"line":15,"column":28}},"13":{"start":{"line":18,"column":0},"end":{"line":23,"column":3}},"14":{"start":{"line":18,"column":38},"end":{"line":23,"column":2}},"15":{"start":{"line":19,"column":21},"end":{"line":19,"column":41}},"16":{"start":{"line":20,"column":19},"end":{"line":20,"column":58}},"17":{"start":{"line":21,"column":2},"end":{"line":21,"column":null}},"18":{"start":{"line":21,"column":17},"end":{"line":21,"column":null}},"19":{"start":{"line":22,"column":2},"end":{"line":22,"column":28}},"20":{"start":{"line":25,"column":0},"end":{"line":25,"column":null}}},"fnMap":{"0":{"name":"(anonymous_8)","decl":{"start":{"line":6,"column":16},"end":{"line":6,"column":23}},"loc":{"start":{"line":6,"column":36},"end":{"line":10,"column":2}}},"1":{"name":"(anonymous_9)","decl":{"start":{"line":6,"column":36},"end":{"line":6,"column":null}},"loc":{"start":{"line":6,"column":36},"end":{"line":10,"column":1}}},"2":{"name":"(anonymous_10)","decl":{"start":{"line":12,"column":17},"end":{"line":12,"column":24}},"loc":{"start":{"line":12,"column":36},"end":{"line":16,"column":2}}},"3":{"name":"(anonymous_11)","decl":{"start":{"line":12,"column":36},"end":{"line":12,"column":null}},"loc":{"start":{"line":12,"column":36},"end":{"line":16,"column":1}}},"4":{"name":"(anonymous_12)","decl":{"start":{"line":18,"column":19},"end":{"line":18,"column":26}},"loc":{"start":{"line":18,"column":38},"end":{"line":23,"column":2}}},"5":{"name":"(anonymous_13)","decl":{"start":{"line":18,"column":38},"end":{"line":18,"column":null}},"loc":{"start":{"line":18,"column":38},"end":{"line":23,"column":1}}}},"branchMap":{"0":{"loc":{"start":{"line":21,"column":2},"end":{"line":21,"column":null}},"type":"if","locations":[{"start":{"line":21,"column":2},"end":{"line":21,"column":null}}]}},"s":{"0":0,"1":0,"2":0,"3":0,"4":0,"5":0,"6":0,"7":0,"8":0,"9":0,"10":0,"11":0,"12":0,"13":0,"14":0,"15":0,"16":0,"17":0,"18":0,"19":0,"20":0},"f":{"0":0,"1":0,"2":0,"3":0,"4":0,"5":0},"b":{"0":[0]}}
}
